<?xml version="1.0" encoding="UTF-8"?>
<testng-results ignored="0" total="2" passed="2" failed="0" skipped="0">
  <reporter-output>
  </reporter-output>
  <suite started-at="2025-07-22T05:16:25 UTC" name="Surefire suite" finished-at="2025-07-22T05:16:25 UTC" duration-ms="172">
    <groups>
    </groups>
    <test started-at="2025-07-22T05:16:25 UTC" name="Surefire test" finished-at="2025-07-22T05:16:25 UTC" duration-ms="172">
      <class name="jacoco.RectangleTest">
        <test-method signature="testAdd()[pri:0, instance:jacoco.RectangleTest@f80945f]" started-at="2025-07-22T05:16:25 UTC" name="testAdd" finished-at="2025-07-22T05:16:25 UTC" duration-ms="23" status="PASS">
          <reporter-output>
          </reporter-output>
        </test-method> <!-- testAdd -->
        <test-method signature="testPerimeter()[pri:0, instance:jacoco.RectangleTest@f80945f]" started-at="2025-07-22T05:16:25 UTC" name="testPerimeter" finished-at="2025-07-22T05:16:25 UTC" duration-ms="2" status="PASS">
          <reporter-output>
          </reporter-output>
        </test-method> <!-- testPerimeter -->
      </class> <!-- jacoco.RectangleTest -->
    </test> <!-- Surefire test -->
  </suite> <!-- Surefire suite -->
</testng-results>
