<?xml version="1.0" encoding="UTF-8"?>
<!-- Generated by org.testng.reporters.JUnitXMLReporter -->
<testsuite ignored="0" hostname="EC2AMAZ-CS00R8Q" failures="0" tests="3" name="Default test" time="13.887" errors="0" timestamp="2025-07-21T16:12:41 UTC">
  <testcase classname="tests.CartInteractionTest" name="testCartAndContinueShoppingButtons" time="1.925"/>
  <testcase classname="tests.CartInteractionTest" name="testCheckoutButtonNavigatesToStepOne" time="1.312"/>
  <testcase classname="tests.CartInteractionTest" name="testRemoveItemFromCart" time="1.251"/>
</testsuite> <!-- Default test -->
