<?xml version="1.0" encoding="UTF-8"?>
<testng-results ignored="0" total="2" passed="2" failed="0" skipped="0">
  <reporter-output>
  </reporter-output>
  <suite started-at="2025-07-22T05:17:04 UTC" name="Default suite" finished-at="2025-07-22T05:17:04 UTC" duration-ms="398">
    <groups>
    </groups>
    <test started-at="2025-07-22T05:17:04 UTC" name="Default test" finished-at="2025-07-22T05:17:04 UTC" duration-ms="398">
      <class name="jacoco.RectangleTest">
        <test-method signature="testAdd()[pri:0, instance:jacoco.RectangleTest@5c909414]" started-at="2025-07-22T05:17:04 UTC" name="testAdd" finished-at="2025-07-22T05:17:04 UTC" duration-ms="249" status="PASS">
          <reporter-output>
          </reporter-output>
        </test-method> <!-- testAdd -->
        <test-method signature="testPerimeter()[pri:0, instance:jacoco.RectangleTest@5c909414]" started-at="2025-07-22T05:17:04 UTC" name="testPerimeter" finished-at="2025-07-22T05:17:04 UTC" duration-ms="10" status="PASS">
          <reporter-output>
          </reporter-output>
        </test-method> <!-- testPerimeter -->
      </class> <!-- jacoco.RectangleTest -->
    </test> <!-- Default test -->
  </suite> <!-- Default suite -->
</testng-results>
